<?xml version="1.0" encoding="UTF-8"?>
<!-- Generated by org.testng.reporters.JUnitXMLReporter -->
<testsuite hostname="olm-prath.ad.oicr.on.ca" name="Surefire test" tests="2" failures="0" timestamp="27 Oct 2017 17:09:00 GMT" time="1.186" errors="0">
  <testcase name="invalidTemplateType" time="1.154" classname="ca.on.oicr.pde.deciders.SequenzaDeciderTest"/>
  <testcase name="validTemplateType" time="0.009" classname="ca.on.oicr.pde.deciders.SequenzaDeciderTest"/>
</testsuite> <!-- Surefire test -->
